<?xml version="1.0" encoding="UTF-8"?>
<!-- Generated by org.testng.reporters.JUnitReportReporter -->
<testsuite skipped="0" hostname="Mosuds-MBP.home" name="com.database.datavalidation.using.java.map.DataValidationTest" tests="1" failures="0" timestamp="06 Jun 2020 04:53:40 GMT" time="0.012" errors="0">
  <testcase name="executeDataValidationTestScript" time="0.012" classname="com.database.datavalidation.using.java.map.DataValidationTest"/>
</testsuite> <!-- com.database.datavalidation.using.java.map.DataValidationTest -->
