<?xml version="1.0" encoding="UTF-8"?>
<!-- Generated by org.testng.reporters.JUnitReportReporter -->
<testsuite skipped="0" hostname="Mosuds-MBP.home" name="mosud.databse.datavalidation.script.DataValidation" tests="1" failures="0" timestamp="06 Jun 2020 03:48:38 GMT" time="0.009" errors="0">
  <testcase name="executingDataValidation" time="0.009" classname="mosud.databse.datavalidation.script.DataValidation"/>
</testsuite> <!-- mosud.databse.datavalidation.script.DataValidation -->
